<?xml version="1.0" encoding="UTF-8"?>
<!-- Generated by org.testng.reporters.JUnitReportReporter -->
<testsuite skipped="0" hostname="DESKTOP-95KMLJM" name="com.vs.testcases.AddCustomerTest" tests="3" failures="0" timestamp="17 Dec 2018 04:03:30 GMT" time="7.415" errors="0">
  <testcase name="addCustomerTest" time="2.550" classname="com.vs.testcases.AddCustomerTest"/>
  <testcase name="addCustomerTest" time="2.456" classname="com.vs.testcases.AddCustomerTest"/>
  <testcase name="addCustomerTest" time="2.409" classname="com.vs.testcases.AddCustomerTest"/>
</testsuite> <!-- com.vs.testcases.AddCustomerTest -->
