<?xml version="1.0" encoding="UTF-8"?>
<!-- Generated by org.testng.reporters.JUnitReportReporter -->
<testsuite skipped="0" hostname="DESKTOP-95KMLJM" name="com.vs.testcases.AddCustomerTest" tests="3" failures="0" timestamp="20 Dec 2018 03:51:46 GMT" time="7.149" errors="0">
  <testcase name="addCustomerTest" time="2.332" classname="com.vs.testcases.AddCustomerTest"/>
  <testcase name="addCustomerTest" time="2.410" classname="com.vs.testcases.AddCustomerTest"/>
  <testcase name="addCustomerTest" time="2.407" classname="com.vs.testcases.AddCustomerTest"/>
</testsuite> <!-- com.vs.testcases.AddCustomerTest -->
