<?xml version="1.0" encoding="UTF-8"?>
<!-- Generated by org.testng.reporters.JUnitReportReporter -->
<testsuite skipped="1" hostname="DESKTOP-95KMLJM" name="com.vs.testcases.OpenAccountTest" tests="1" failures="0" timestamp="17 Dec 2018 04:03:30 GMT" time="0.000" errors="0">
  <testcase name="openAccountTest" time="0.000" classname="com.vs.testcases.OpenAccountTest">
    <skipped/>
  </testcase> <!-- openAccountTest -->
</testsuite> <!-- com.vs.testcases.OpenAccountTest -->
