<?xml version="1.0" encoding="UTF-8"?>
<!-- Generated by org.testng.reporters.JUnitReportReporter -->
<testsuite skipped="0" hostname="DESKTOP-95KMLJM" name="com.vs.testcases.BankLoginTest" tests="1" failures="0" timestamp="17 Dec 2018 04:03:30 GMT" time="2.757" errors="0">
  <testcase name="bankLoginTest" time="2.757" classname="com.vs.testcases.BankLoginTest"/>
</testsuite> <!-- com.vs.testcases.BankLoginTest -->
