<?xml version="1.0" encoding="UTF-8"?>
<!-- Generated by org.testng.reporters.JUnitReportReporter -->
<testsuite skipped="0" hostname="DESKTOP-95KMLJM" name="com.vs.rough.AddcustDemo" tests="1" failures="0" timestamp="05 Dec 2018 02:58:50 GMT" time="0.009" errors="0">
  <testcase name="demo" time="0.009" classname="com.vs.rough.AddcustDemo"/>
</testsuite> <!-- com.vs.rough.AddcustDemo -->
