<?xml version="1.0" encoding="UTF-8"?>
<!-- Generated by org.testng.reporters.JUnitReportReporter -->
<testsuite skipped="0" hostname="DESKTOP-95KMLJM" name="com.vs.testcases.AddCustomerTest" tests="1" failures="0" timestamp="06 Dec 2018 05:05:29 GMT" time="0.295" errors="0">
  <testcase name="addCustomerTest" time="0.295" classname="com.vs.testcases.AddCustomerTest"/>
</testsuite> <!-- com.vs.testcases.AddCustomerTest -->
