<?xml version="1.0" encoding="UTF-8"?>
<!-- Generated by org.testng.reporters.JUnitReportReporter -->
<testsuite skipped="0" hostname="DESKTOP-95KMLJM" name="com.vs.testcases.BankLogin" tests="1" failures="0" timestamp="03 Dec 2018 06:36:24 GMT" time="4.213" errors="0">
  <testcase name="bankLogin" time="4.213" classname="com.vs.testcases.BankLogin"/>
</testsuite> <!-- com.vs.testcases.BankLogin -->
